2020-03-16 01:03:37,12 3624 log_generator.py 147 log-generator DEBUG LUKE
2020-03-16 01:03:38,172 3624 log_generator.py 147 log-generator DEBUG friend. Don't be afraid.
2020-03-16 01:03:38,322 3624 log_generator.py 147 log-generator DEBUG pleasure.
2020-03-16 01:03:38,607 3624 log_generator.py 147 log-generator DEBUG This time, let go your conscious
2020-03-16 01:03:40,112 3624 log_generator.py 147 log-generator DEBUG Yes, I'll bet you have.
2020-03-16 01:03:41,74 3624 log_generator.py 147 log-generator DEBUG Fast ship? You've never heard of the
2020-03-16 01:03:41,863 3624 log_generator.py 147 log-generator DEBUG Ben and The Sith Knight. He pulls on Artoo.
2020-03-16 01:03:42,247 3624 log_generator.py 147 log-generator DEBUG large tube on the side of the vehicle and the little robot
2020-03-16 01:03:43,521 3624 log_generator.py 147 log-generator DEBUG HAN
2020-03-16 01:03:44,23 3624 log_generator.py 147 log-generator DEBUG MOTTI
2020-03-16 01:03:45,957 3624 log_generator.py 147 log-generator DEBUG LUKE
2020-03-16 01:03:46,906 3624 log_generator.py 147 log-generator DEBUG very well.
2020-03-16 01:03:47,986 3624 log_generator.py 147 log-generator DEBUG These are not the droids your looking
2020-03-16 01:03:48,564 3624 log_generator.py 147 log-generator DEBUG Threepio and Artoo noisily bounce along inside the cramped
2020-03-16 01:03:49,137 3624 log_generator.py 147 log-generator DEBUG for Threepio to translate. Leia continues to repeat the
2020-03-16 01:03:49,373 3624 log_generator.py 147 log-generator DEBUG I have no need for a protocol droid.
2020-03-16 01:03:51,57 3624 log_generator.py 147 log-generator DEBUG LUKE
2020-03-16 01:03:51,171 3624 log_generator.py 147 log-generator DEBUG vast Imperial brain network comes to life, feeding information
2020-03-16 01:03:51,976 3624 log_generator.py 147 log-generator DEBUG BEN
2020-03-16 01:03:53,216 3624 log_generator.py 147 log-generator DEBUG Clear Bay twenty-three-seven. We are opening the magnetic
2020-03-16 01:03:53,348 3624 log_generator.py 147 log-generator DEBUG At the end of the hallway, blast doors begin to close in
2020-03-16 01:03:54,49 3624 log_generator.py 147 log-generator DEBUG enter the old grey security station. Guards and laser gates
2020-03-16 01:03:54,602 3624 log_generator.py 147 log-generator DEBUG She angrily turns, and as she starts out of the cockpit,
2020-03-16 01:03:56,491 3624 log_generator.py 147 log-generator DEBUG Something just moves past my leg!
2020-03-16 01:03:57,218 3624 log_generator.py 147 log-generator DEBUG battered captives, including Artoo and Threepio, in front of
2020-03-16 01:03:58,365 3624 log_generator.py 147 log-generator DEBUG Surely he must be dead by now.
2020-03-16 01:03:59,330 3624 log_generator.py 147 log-generator DEBUG Seventeen thousand! Those guys must
2020-03-16 01:03:59,443 3624 log_generator.py 147 log-generator DEBUG beeping all the while.
2020-03-16 01:04:00,285 3624 log_generator.py 147 log-generator DEBUG It's them! Blast them!
2020-03-16 01:04:01,85 3624 log_generator.py 147 log-generator DEBUG Luke's ship streaks through the trench of the Death Star.
2020-03-16 01:04:01,799 3624 log_generator.py 147 log-generator DEBUG Solo swivels behind his cannon, his aim describing the arc
2020-03-16 01:04:02,697 3624 log_generator.py 147 log-generator DEBUG EXT. TATOOINE - LARS HOMESTEAD
2020-03-16 01:04:02,876 3624 log_generator.py 147 log-generator DEBUG Look, Your Worshipfulness, let's get
2020-03-16 01:04:03,750 3624 log_generator.py 147 log-generator DEBUG shoots toward Luke's X-wing fighter.
2020-03-16 01:04:05,52 3624 log_generator.py 147 log-generator DEBUG INT. LUKE'S X-WING FIGHTER - COCKPIT
2020-03-16 01:04:05,924 3624 log_generator.py 147 log-generator DEBUG BEN
2020-03-16 01:04:06,389 3624 log_generator.py 147 log-generator DEBUG LEIA
2020-03-16 01:04:07,128 3624 log_generator.py 147 log-generator DEBUG Target's coming up!
2020-03-16 01:04:07,769 3624 log_generator.py 147 log-generator DEBUG me the Ambassador. I want her alive!
2020-03-16 01:04:08,451 3624 log_generator.py 147 log-generator DEBUG (to the head Jawa)
2020-03-16 01:04:09,272 3624 log_generator.py 147 log-generator DEBUG smell you've discovered! Let's get
2020-03-16 01:04:10,750 3624 log_generator.py 147 log-generator DEBUG EXT. SPACE AROUND THE DEATH STAR
2020-03-16 01:04:11,688 3624 log_generator.py 147 log-generator DEBUG hit their lightsabers together, lightning flashes on impact.
2020-03-16 01:04:12,33 3624 log_generator.py 147 log-generator DEBUG Loosen up!
2020-03-16 01:04:12,184 3624 log_generator.py 147 log-generator DEBUG BEN
2020-03-16 01:04:12,969 3624 log_generator.py 147 log-generator DEBUG OWEN
2020-03-16 01:04:14,463 3624 log_generator.py 147 log-generator DEBUG What is it?
2020-03-16 01:04:14,809 3624 log_generator.py 147 log-generator DEBUG go limp on the smoking little droid as he makes a high-pitched
2020-03-16 01:04:15,758 3624 log_generator.py 147 log-generator DEBUG Yes, indeed. If it's a fast ship.
2020-03-16 01:04:16,150 3624 log_generator.py 147 log-generator DEBUG Han, my boy, there are times when
2020-03-16 01:04:17,30 3624 log_generator.py 147 log-generator DEBUG EXT. TATOOINE - WASTELAND
2020-03-16 01:04:17,695 3624 log_generator.py 147 log-generator DEBUG The pirateship is just coming out of hyperspace; a strange
2020-03-16 01:04:18,538 3624 log_generator.py 147 log-generator DEBUG HAN
2020-03-16 01:04:18,755 3624 log_generator.py 147 log-generator DEBUG Luke looks at old Ben, who is busy talking to one of the
2020-03-16 01:04:18,929 3624 log_generator.py 147 log-generator DEBUG gaining...
2020-03-16 01:04:19,418 3624 log_generator.py 147 log-generator DEBUG care of yourself, you'll always be
2020-03-16 01:04:20,214 3624 log_generator.py 147 log-generator DEBUG marching troops. They stop in a smoky hallway as Darth Vader
2020-03-16 01:04:20,968 3624 log_generator.py 147 log-generator DEBUG Tarkin, the more star systems will
2020-03-16 01:04:21,899 3624 log_generator.py 147 log-generator DEBUG INT. LUKE'S X-WING - COCKPIT
2020-03-16 01:04:22,314 3624 log_generator.py 147 log-generator DEBUG A large burst of Vader's laserfire engulfs Artoo. The arms
2020-03-16 01:04:22,415 3624 log_generator.py 147 log-generator DEBUG (over speaker)
2020-03-16 01:04:23,139 3624 log_generator.py 147 log-generator DEBUG BEN
2020-03-16 01:04:23,272 3624 log_generator.py 147 log-generator DEBUG Are they away?
2020-03-16 01:04:24,127 3624 log_generator.py 147 log-generator DEBUG you said this thing was fast.
2020-03-16 01:04:24,814 3624 log_generator.py 147 log-generator DEBUG position.
2020-03-16 01:04:25,131 3624 log_generator.py 147 log-generator DEBUG Han draws his laser pistol and fires at the hatch. The
2020-03-16 01:04:25,382 3624 log_generator.py 147 log-generator DEBUG Artoo whistles his surprise as he pretends to just notice
2020-03-16 01:04:26,30 3624 log_generator.py 147 log-generator DEBUG It is a period of civil war. Rebel spaceships,
2020-03-16 01:04:27,257 3624 log_generator.py 147 log-generator DEBUG were afraid that you were... lost
2020-03-16 01:04:28,199 3624 log_generator.py 147 log-generator DEBUG BEN
2020-03-16 01:04:29,318 3624 log_generator.py 147 log-generator DEBUG GOLD FIVE
2020-03-16 01:04:30,5 3624 log_generator.py 147 log-generator DEBUG What is that?
2020-03-16 01:04:30,496 3624 log_generator.py 147 log-generator DEBUG All wings report in.
2020-03-16 01:04:31,105 3624 log_generator.py 147 log-generator DEBUG No. It's a short range fighter.
2020-03-16 01:04:31,628 3624 log_generator.py 147 log-generator DEBUG toward the Death Star surface.
2020-03-16 01:04:32,532 3624 log_generator.py 147 log-generator DEBUG LUKE
2020-03-16 01:04:32,660 3624 log_generator.py 147 log-generator DEBUG Can you stand? We've got to get out
2020-03-16 01:04:33,361 3624 log_generator.py 147 log-generator DEBUG me down, I shall become more powerful
2020-03-16 01:04:34,363 3624 log_generator.py 147 log-generator DEBUG (to ship)
2020-03-16 01:04:35,316 3624 log_generator.py 147 log-generator DEBUG THREEPIO
2020-03-16 01:04:35,818 3624 log_generator.py 147 log-generator DEBUG Look, it's only one more season.
2020-03-16 01:04:36,580 3624 log_generator.py 147 log-generator DEBUG planet.
2020-03-16 01:04:37,536 3624 log_generator.py 147 log-generator DEBUG race past the huge doors just as they are closing, and manage
2020-03-16 01:04:38,430 3624 log_generator.py 147 log-generator DEBUG INT. MOS EISLEY SPACEPORT - DOCKING BAY 94]
2020-03-16 01:04:38,632 3624 log_generator.py 147 log-generator DEBUG There's nothing here for me now. I
2020-03-16 01:04:39,192 3624 log_generator.py 147 log-generator DEBUG position.
2020-03-16 01:04:39,679 3624 log_generator.py 147 log-generator DEBUG TARKIN
2020-03-16 01:04:39,954 3624 log_generator.py 147 log-generator DEBUG coming your way.
2020-03-16 01:04:41,740 3624 log_generator.py 147 log-generator DEBUG message for him.
2020-03-16 01:04:42,517 3624 log_generator.py 147 log-generator DEBUG INTERCOM VOICE
2020-03-16 01:04:43,180 3624 log_generator.py 147 log-generator DEBUG HAN
2020-03-16 01:04:43,924 3624 log_generator.py 147 log-generator DEBUG What the hell are you doing?
2020-03-16 01:04:44,337 3624 log_generator.py 147 log-generator DEBUG bow before the thin, evil-looking governor as he takes his
2020-03-16 01:04:44,695 3624 log_generator.py 147 log-generator DEBUG EXT. SPACE AROUND THE DEATH STAR
2020-03-16 01:04:45,267 3624 log_generator.py 147 log-generator DEBUG Leia watches the TIE fighter ship fly over.
2020-03-16 01:04:46,951 3624 log_generator.py 147 log-generator DEBUG to follow.
2020-03-16 01:04:47,369 3624 log_generator.py 147 log-generator DEBUG All right, check that side of the
2020-03-16 01:04:49,620 3624 log_generator.py 147 log-generator DEBUG then you can go to the Academy next
2020-03-16 01:04:50,387 3624 log_generator.py 147 log-generator DEBUG HAN
2020-03-16 01:04:50,646 3624 log_generator.py 147 log-generator DEBUG courage. It's more like suicide.
2020-03-16 01:04:51,13 3624 log_generator.py 147 log-generator DEBUG Looks like you managed to cut off
2020-03-16 01:04:52,874 3624 log_generator.py 147 log-generator DEBUG "seeker", a chrome baseball-like robot covered with antennae,
2020-03-16 01:04:53,235 3624 log_generator.py 147 log-generator DEBUG In the foreground, the Imperial fighter races across the
2020-03-16 01:04:54,27 3624 log_generator.py 147 log-generator DEBUG surveying the countryside. A mist hangs over the jungle of
2020-03-16 01:04:54,493 3624 log_generator.py 147 log-generator DEBUG LUKE
2020-03-16 01:04:54,702 3624 log_generator.py 147 log-generator DEBUG A large burst of Vader's laserfire engulfs Artoo. The arms
2020-03-16 01:04:55,204 3624 log_generator.py 147 log-generator DEBUG The droid belongs to her. She's the
2020-03-16 01:04:57,379 3624 log_generator.py 147 log-generator DEBUG received word that the Emperor has
2020-03-16 01:04:58,942 3624 log_generator.py 147 log-generator DEBUG in formation zoom toward us and out of the frame.
2020-03-16 01:04:59,251 3624 log_generator.py 147 log-generator DEBUG LUKE
2020-03-16 01:05:00,475 3624 log_generator.py 147 log-generator DEBUG dissolved the council permanently.
2020-03-16 01:05:01,242 3624 log_generator.py 147 log-generator DEBUG tiny opening. Luke and Han continue firing as they work their
2020-03-16 01:05:01,986 3624 log_generator.py 147 log-generator DEBUG out of line and is moving up and down trying to attract
2020-03-16 01:05:02,631 3624 log_generator.py 147 log-generator DEBUG one in the message... We've got to
2020-03-16 01:05:03,32 3624 log_generator.py 147 log-generator DEBUG Threepio's fist bangs the head of Artoo whose computer lights
2020-03-16 01:05:03,277 3624 log_generator.py 147 log-generator DEBUG Quite frankly, sir I don't know what
2020-03-16 01:05:03,841 3624 log_generator.py 147 log-generator DEBUG out and runs to the smoking holes that were once his home.
2020-03-16 01:05:05,716 3624 log_generator.py 147 log-generator DEBUG take an interest in your handiwork.
2020-03-16 01:05:06,290 3624 log_generator.py 147 log-generator DEBUG INT. LUKE'S X-WING FIGHTER - COCKPIT
2020-03-16 01:05:07,6 3624 log_generator.py 147 log-generator DEBUG This is it!
2020-03-16 01:05:07,731 3624 log_generator.py 147 log-generator DEBUG HAN
2020-03-16 01:05:08,316 3624 log_generator.py 147 log-generator DEBUG LUKE
2020-03-16 01:05:09,201 3624 log_generator.py 147 log-generator DEBUG destructive blasts at it.
2020-03-16 01:05:10,214 3624 log_generator.py 147 log-generator DEBUG troops rush toward the battling knights.
2020-03-16 01:05:10,415 3624 log_generator.py 147 log-generator DEBUG displaying a small green planet.
2020-03-16 01:05:11,373 3624 log_generator.py 147 log-generator DEBUG into the air. The ball shoots straight up in the air, then
2020-03-16 01:05:11,641 3624 log_generator.py 147 log-generator DEBUG the fighter streaks into view. The ship has suffered a minor
2020-03-16 01:05:11,913 3624 log_generator.py 147 log-generator DEBUG LUKE
2020-03-16 01:05:12,477 3624 log_generator.py 147 log-generator DEBUG (over headset)
2020-03-16 01:05:14,361 3624 log_generator.py 147 log-generator DEBUG The bartender panics.
2020-03-16 01:05:16,641 3624 log_generator.py 147 log-generator DEBUG navigators, and a sprinkling of R2-type robots. Everyone is
2020-03-16 01:05:17,545 3624 log_generator.py 147 log-generator DEBUG AUNT BERU
2020-03-16 01:05:18,432 3624 log_generator.py 147 log-generator DEBUG They have just made the jump into
2020-03-16 01:05:19,139 3624 log_generator.py 147 log-generator DEBUG What?
2020-03-16 01:05:19,911 3624 log_generator.py 147 log-generator DEBUG THREEPIO
2020-03-16 01:05:20,880 3624 log_generator.py 147 log-generator DEBUG The distant star can be distinguished as a small moon or
2020-03-16 01:05:21,270 3624 log_generator.py 147 log-generator DEBUG (over headset)
2020-03-16 01:05:21,559 3624 log_generator.py 147 log-generator DEBUG Great shot, kid. That was one in a
2020-03-16 01:05:22,49 3624 log_generator.py 147 log-generator DEBUG the exterior shell of the starship, the little droid beeps
2020-03-16 01:05:22,211 3624 log_generator.py 147 log-generator DEBUG LUKE
2020-03-16 01:05:23,809 3624 log_generator.py 147 log-generator DEBUG A trooper pushes a button and the supply cabinet door slides
2020-03-16 01:05:24,244 3624 log_generator.py 147 log-generator DEBUG transmitter. I'll see what I can do.
2020-03-16 01:05:25,121 3624 log_generator.py 147 log-generator DEBUG THREEPIO
2020-03-16 01:05:25,952 3624 log_generator.py 147 log-generator DEBUG season... after that who knows. I
2020-03-16 01:05:28,34 3624 log_generator.py 147 log-generator DEBUG LUKE
2020-03-16 01:05:29,179 3624 log_generator.py 147 log-generator DEBUG and gives it to the first trooper.
2020-03-16 01:05:29,429 3624 log_generator.py 147 log-generator DEBUG a name I haven't heard in a long
2020-03-16 01:05:30,498 3624 log_generator.py 147 log-generator DEBUG HAN
2020-03-16 01:05:31,782 3624 log_generator.py 147 log-generator DEBUG She'll make point five beyond the
2020-03-16 01:05:32,233 3624 log_generator.py 147 log-generator DEBUG the detention level.
2020-03-16 01:05:33,22 3624 log_generator.py 147 log-generator DEBUG HAN
2020-03-16 01:05:33,585 3624 log_generator.py 147 log-generator DEBUG beautiful young Senator Leia. Luke and the others solemnly
2020-03-16 01:05:34,960 3624 log_generator.py 147 log-generator DEBUG SECOND TROOPER
2020-03-16 01:05:35,607 3624 log_generator.py 147 log-generator DEBUG it tightly. She's terrified and suddenly groans as she feels
2020-03-16 01:05:36,360 3624 log_generator.py 147 log-generator DEBUG VADER
2020-03-16 01:05:36,644 3624 log_generator.py 147 log-generator DEBUG What's so important? What's he
2020-03-16 01:05:37,629 3624 log_generator.py 147 log-generator DEBUG Gold Five moves in on the exhaust port.
2020-03-16 01:05:38,436 3624 log_generator.py 147 log-generator DEBUG EXT. TATOOINE - MOS EISLEY - STREETS
2020-03-16 01:05:39,355 3624 log_generator.py 147 log-generator DEBUG commands.
2020-03-16 01:05:41,375 3624 log_generator.py 147 log-generator DEBUG EXT. SPACE - ANOTHER ANGLE
2020-03-16 01:05:42,274 3624 log_generator.py 147 log-generator DEBUG Red Two standing by.
2020-03-16 01:05:42,571 3624 log_generator.py 147 log-generator DEBUG HAN
2020-03-16 01:05:43,286 3624 log_generator.py 147 log-generator DEBUG MOTTI
2020-03-16 01:05:44,122 3624 log_generator.py 147 log-generator DEBUG Threepio stumbles forward, but Artoo is still nowhere in
